<?xml version="1.0" encoding="UTF-8"?>
<testsuite name="com.realworld.realworld.RealworldApplicationTests" tests="1" skipped="0" failures="0" errors="0" timestamp="2023-03-22T05:52:56" hostname="gimhyojeong-ui-MacBookPro.local" time="0.115">
  <properties/>
  <testcase name="contextLoads()" classname="com.realworld.realworld.RealworldApplicationTests" time="0.115"/>
  <system-out><![CDATA[14:52:55.252 [Test worker] DEBUG org.springframework.boot.test.context.SpringBootTestContextBootstrapper - Neither @ContextConfiguration nor @ContextHierarchy found for test class [RealworldApplicationTests]: using SpringBootContextLoader
14:52:55.254 [Test worker] DEBUG org.springframework.test.context.support.AbstractContextLoader - Could not detect default resource locations for test class [com.realworld.realworld.RealworldApplicationTests]: no resource found for suffixes {-context.xml, Context.groovy}.
14:52:55.255 [Test worker] INFO org.springframework.test.context.support.AnnotationConfigContextLoaderUtils - Could not detect default configuration classes for test class [com.realworld.realworld.RealworldApplicationTests]: RealworldApplicationTests does not declare any static, non-private, non-final, nested classes annotated with @Configuration.
14:52:55.265 [Test worker] DEBUG org.springframework.boot.test.context.SpringBootTestContextBootstrapper - Using ContextCustomizers for test class [RealworldApplicationTests]: [DisableObservabilityContextCustomizer, PropertyMappingContextCustomizer, Customizer, ExcludeFilterContextCustomizer, DuplicateJsonObjectContextCustomizer, MockitoContextCustomizer, TestRestTemplateContextCustomizer]
14:52:55.296 [Test worker] DEBUG org.springframework.context.annotation.ClassPathScanningCandidateComponentProvider - Identified candidate component class: file [/Users/kimhyojeong/development/persnalProject/realworld-starter-kit/build/classes/java/main/com/realworld/realworld/RealworldApplication.class]
14:52:55.296 [Test worker] INFO org.springframework.boot.test.context.SpringBootTestContextBootstrapper - Found @SpringBootConfiguration com.realworld.realworld.RealworldApplication for test class com.realworld.realworld.RealworldApplicationTests
14:52:55.338 [Test worker] DEBUG org.springframework.boot.test.context.SpringBootTestContextBootstrapper - Using TestExecutionListeners for test class [RealworldApplicationTests]: [ServletTestExecutionListener, DirtiesContextBeforeModesTestExecutionListener, ApplicationEventsTestExecutionListener, MockitoTestExecutionListener, DependencyInjectionTestExecutionListener, DirtiesContextTestExecutionListener, TransactionalTestExecutionListener, SqlScriptsTestExecutionListener, WithSecurityContextTestExecutionListener, EventPublishingTestExecutionListener, ReactorContextTestExecutionListener, RestDocsTestExecutionListener, MockRestServiceServerResetTestExecutionListener, MockMvcPrintOnlyOnFailureTestExecutionListener, WebDriverTestExecutionListener, MockWebServiceServerTestExecutionListener, ResetMocksTestExecutionListener]
14:52:55.339 [Test worker] DEBUG org.springframework.test.context.support.AbstractDirtiesContextTestExecutionListener - Before test class: class [RealworldApplicationTests], class annotated with @DirtiesContext [false] with mode [null]

  .   ____          _            __ _ _
 /\\ / ___'_ __ _ _(_)_ __  __ _ \ \ \ \
( ( )\___ | '_ | '_| | '_ \/ _` | \ \ \ \
 \\/  ___)| |_)| | | | | || (_| |  ) ) ) )
  '  |____| .__|_| |_|_| |_\__, | / / / /
 =========|_|==============|___/=/_/_/_/
 :: Spring Boot ::                (v3.0.2)

2023-03-22T14:52:55.451+09:00  INFO 60053 --- [    Test worker] c.r.realworld.RealworldApplicationTests  : Starting RealworldApplicationTests using Java 17.0.2 with PID 60053 (started by kimhyojeong in /Users/kimhyojeong/development/persnalProject/realworld-starter-kit)
2023-03-22T14:52:55.452+09:00  INFO 60053 --- [    Test worker] c.r.realworld.RealworldApplicationTests  : No active profile set, falling back to 1 default profile: "default"
2023-03-22T14:52:55.706+09:00  INFO 60053 --- [    Test worker] .s.d.r.c.RepositoryConfigurationDelegate : Bootstrapping Spring Data JPA repositories in DEFAULT mode.
2023-03-22T14:52:55.715+09:00  INFO 60053 --- [    Test worker] .s.d.r.c.RepositoryConfigurationDelegate : Finished Spring Data repository scanning in 5 ms. Found 0 JPA repository interfaces.
2023-03-22T14:52:55.887+09:00  INFO 60053 --- [    Test worker] com.zaxxer.hikari.HikariDataSource       : HikariPool-1 - Starting...
2023-03-22T14:52:55.971+09:00  INFO 60053 --- [    Test worker] com.zaxxer.hikari.pool.HikariPool        : HikariPool-1 - Added connection conn0: url=jdbc:h2:mem:32e857fc-0641-4cab-be02-9bb52c830829 user=SA
2023-03-22T14:52:55.972+09:00  INFO 60053 --- [    Test worker] com.zaxxer.hikari.HikariDataSource       : HikariPool-1 - Start completed.
2023-03-22T14:52:55.992+09:00  INFO 60053 --- [    Test worker] o.hibernate.jpa.internal.util.LogHelper  : HHH000204: Processing PersistenceUnitInfo [name: default]
2023-03-22T14:52:56.016+09:00  INFO 60053 --- [    Test worker] org.hibernate.Version                    : HHH000412: Hibernate ORM core version 6.1.6.Final
2023-03-22T14:52:56.084+09:00  WARN 60053 --- [    Test worker] org.hibernate.orm.deprecation            : HHH90000021: Encountered deprecated setting [javax.persistence.sharedCache.mode], use [jakarta.persistence.sharedCache.mode] instead
2023-03-22T14:52:56.141+09:00  INFO 60053 --- [    Test worker] SQL dialect                              : HHH000400: Using dialect: org.hibernate.dialect.H2Dialect
2023-03-22T14:52:56.258+09:00  INFO 60053 --- [    Test worker] o.h.e.t.j.p.i.JtaPlatformInitiator       : HHH000490: Using JtaPlatform implementation: [org.hibernate.engine.transaction.jta.platform.internal.NoJtaPlatform]
2023-03-22T14:52:56.263+09:00  INFO 60053 --- [    Test worker] j.LocalContainerEntityManagerFactoryBean : Initialized JPA EntityManagerFactory for persistence unit 'default'
2023-03-22T14:52:56.331+09:00  WARN 60053 --- [    Test worker] JpaBaseConfiguration$JpaWebConfiguration : spring.jpa.open-in-view is enabled by default. Therefore, database queries may be performed during view rendering. Explicitly configure spring.jpa.open-in-view to disable this warning
2023-03-22T14:52:56.494+09:00  WARN 60053 --- [    Test worker] .s.s.UserDetailsServiceAutoConfiguration : 

Using generated security password: d3a9ab70-432e-4898-97ee-fa8d9cd80c67

This generated password is for development use only. Your security configuration must be updated before running your application in production.

2023-03-22T14:52:56.552+09:00  INFO 60053 --- [    Test worker] o.s.s.web.DefaultSecurityFilterChain     : Will secure any request with [org.springframework.security.web.session.DisableEncodeUrlFilter@663cf5d7, org.springframework.security.web.context.request.async.WebAsyncManagerIntegrationFilter@11b14ae3, org.springframework.security.web.context.SecurityContextHolderFilter@14fff5e7, org.springframework.security.web.header.HeaderWriterFilter@796fe2b5, org.springframework.security.web.csrf.CsrfFilter@4db16677, org.springframework.security.web.authentication.logout.LogoutFilter@6f430ea8, org.springframework.security.web.authentication.UsernamePasswordAuthenticationFilter@af04f09, org.springframework.security.web.authentication.ui.DefaultLoginPageGeneratingFilter@30a791a6, org.springframework.security.web.authentication.ui.DefaultLogoutPageGeneratingFilter@2b6ee447, org.springframework.security.web.authentication.www.BasicAuthenticationFilter@6b33892a, org.springframework.security.web.savedrequest.RequestCacheAwareFilter@1f72fbd1, org.springframework.security.web.servletapi.SecurityContextHolderAwareRequestFilter@5454be, org.springframework.security.web.authentication.AnonymousAuthenticationFilter@9cb927e, org.springframework.security.web.access.ExceptionTranslationFilter@44618fe6, org.springframework.security.web.access.intercept.AuthorizationFilter@667dd150]
2023-03-22T14:52:56.576+09:00  INFO 60053 --- [    Test worker] c.r.realworld.RealworldApplicationTests  : Started RealworldApplicationTests in 1.218 seconds (process running for 1.68)
]]></system-out>
  <system-err><![CDATA[]]></system-err>
</testsuite>
